The following packages should be updated for best compatibility with the installed expo version:
  expo@54.0.33 - expected version: ~54.0.35
  expo-file-system@19.0.21 - expected version: ~19.0.23
  expo-font@14.0.11 - expected version: ~14.0.12
  expo-image-picker@17.0.10 - expected version: ~17.0.11
  expo-linking@8.0.11 - expected version: ~8.0.12
  expo-router@6.0.23 - expected version: ~6.0.24
  expo-web-browser@15.0.10 - expected version: ~15.0.11
Your project may not work correctly until you install the expected versions of the packages.
"shadow*" style props are deprecated. Use "boxShadow".
"shadow*" style props are deprecated. Use "boxShadow".
λ  WARN  props.pointerEvents is deprecated. Use style.pointerEvents 
  console.warn (C:\Users\dorit\OneDrive\Desktop\AntiProcrastination\node_modules\expo\node_modules\@expo\cli\src\start\server\serverLogLikeMetro.ts:161:21)
  warnOnce (C:\Users\dorit\OneDrive\Desktop\AntiProcrastination\node_modules\react-native-web\dist\modules\warnOnce\index.js:24:13)
  createDOMProps (C:\Users\dorit\OneDrive\Desktop\AntiProcrastination\node_modules\react-native-web\dist\modules\createDOMProps\index.js:805:13)
  createElement (C:\Users\dorit\OneDrive\Desktop\AntiProcrastination\node_modules\react-native-web\dist\exports\createElement\index.js:23:32)
  Component (C:\Users\dorit\OneDrive\Desktop\AntiProcrastination\node_modules\react-native-web\dist\exports\View\index.js:111:23)
  Object.callComponentInDEV [as react-stack-bottom-frame] (C:\Users\dorit\OneDrive\Desktop\AntiProcrastination\node_modules\react-dom\cjs\react-dom-server-legacy.node.development.js:8970:18)
  renderWithHooks (C:\Users\dorit\OneDrive\Desktop\AntiProcrastination\node_modules\react-dom\cjs\react-dom-server-legacy.node.development.js:4699:19)
  run (C:\Users\dorit\OneDrive\Desktop\AntiProcrastination\node_modules\react-dom\cjs\react-dom-server-legacy.node.development.js:5539:39)
  retryNode (C:\Users\dorit\OneDrive\Desktop\AntiProcrastination\node_modules\react-dom\cjs\react-dom-server-legacy.node.development.js:5899:31)
  renderNodeDestructive (C:\Users\dorit\OneDrive\Desktop\AntiProcrastination\node_modules\react-dom\cjs\react-dom-server-legacy.node.development.js:5849:11)
"shadow*" style props are deprecated. Use "boxShadow".
λ  WARN  props.pointerEvents is deprecated. Use style.pointerEvents 
  console.warn (C:\Users\dorit\OneDrive\Desktop\AntiProcrastination\node_modules\expo\node_modules\@expo\cli\src\start\server\serverLogLikeMetro.ts:161:21)
  warnOnce (C:\Users\dorit\OneDrive\Desktop\AntiProcrastination\node_modules\react-native-web\dist\modules\warnOnce\index.js:24:13)
  createDOMProps (C:\Users\dorit\OneDrive\Desktop\AntiProcrastination\node_modules\react-native-web\dist\modules\createDOMProps\index.js:805:13)
  createElement (C:\Users\dorit\OneDrive\Desktop\AntiProcrastination\node_modules\react-native-web\dist\exports\createElement\index.js:23:32)
  Component (C:\Users\dorit\OneDrive\Desktop\AntiProcrastination\node_modules\react-native-web\dist\exports\View\index.js:111:23)
  Object.callComponentInDEV [as react-stack-bottom-frame] (C:\Users\dorit\OneDrive\Desktop\AntiProcrastination\node_modules\react-dom\cjs\react-dom-server-legacy.node.development.js:8970:18)
  renderWithHooks (C:\Users\dorit\OneDrive\Desktop\AntiProcrastination\node_modules\react-dom\cjs\react-dom-server-legacy.node.development.js:4699:19)
  run (C:\Users\dorit\OneDrive\Desktop\AntiProcrastination\node_modules\react-dom\cjs\react-dom-server-legacy.node.development.js:5539:39)
  retryNode (C:\Users\dorit\OneDrive\Desktop\AntiProcrastination\node_modules\react-dom\cjs\react-dom-server-legacy.node.development.js:5899:31)
  renderNodeDestructive (C:\Users\dorit\OneDrive\Desktop\AntiProcrastination\node_modules\react-dom\cjs\react-dom-server-legacy.node.development.js:5849:11)
"shadow*" style props are deprecated. Use "boxShadow".
λ  WARN  props.pointerEvents is deprecated. Use style.pointerEvents 
  console.warn (C:\Users\dorit\OneDrive\Desktop\AntiProcrastination\node_modules\expo\node_modules\@expo\cli\src\start\server\serverLogLikeMetro.ts:161:21)
  warnOnce (C:\Users\dorit\OneDrive\Desktop\AntiProcrastination\node_modules\react-native-web\dist\modules\warnOnce\index.js:24:13)
  createDOMProps (C:\Users\dorit\OneDrive\Desktop\AntiProcrastination\node_modules\react-native-web\dist\modules\createDOMProps\index.js:805:13)
  createElement (C:\Users\dorit\OneDrive\Desktop\AntiProcrastination\node_modules\react-native-web\dist\exports\createElement\index.js:23:32)
  Component (C:\Users\dorit\OneDrive\Desktop\AntiProcrastination\node_modules\react-native-web\dist\exports\View\index.js:111:23)
  Object.callComponentInDEV [as react-stack-bottom-frame] (C:\Users\dorit\OneDrive\Desktop\AntiProcrastination\node_modules\react-dom\cjs\react-dom-server-legacy.node.development.js:8970:18)
  renderWithHooks (C:\Users\dorit\OneDrive\Desktop\AntiProcrastination\node_modules\react-dom\cjs\react-dom-server-legacy.node.development.js:4699:19)
  run (C:\Users\dorit\OneDrive\Desktop\AntiProcrastination\node_modules\react-dom\cjs\react-dom-server-legacy.node.development.js:5539:39)
  retryNode (C:\Users\dorit\OneDrive\Desktop\AntiProcrastination\node_modules\react-dom\cjs\react-dom-server-legacy.node.development.js:5899:31)
  renderNodeDestructive (C:\Users\dorit\OneDrive\Desktop\AntiProcrastination\node_modules\react-dom\cjs\react-dom-server-legacy.node.development.js:5849:11)
"shadow*" style props are deprecated. Use "boxShadow".
λ  WARN  props.pointerEvents is deprecated. Use style.pointerEvents 
  console.warn (C:\Users\dorit\OneDrive\Desktop\AntiProcrastination\node_modules\expo\node_modules\@expo\cli\src\start\server\serverLogLikeMetro.ts:161:21)
  warnOnce (C:\Users\dorit\OneDrive\Desktop\AntiProcrastination\node_modules\react-native-web\dist\modules\warnOnce\index.js:24:13)
  createDOMProps (C:\Users\dorit\OneDrive\Desktop\AntiProcrastination\node_modules\react-native-web\dist\modules\createDOMProps\index.js:805:13)
  createElement (C:\Users\dorit\OneDrive\Desktop\AntiProcrastination\node_modules\react-native-web\dist\exports\createElement\index.js:23:32)
  Component (C:\Users\dorit\OneDrive\Desktop\AntiProcrastination\node_modules\react-native-web\dist\exports\View\index.js:111:23)
  Object.callComponentInDEV [as react-stack-bottom-frame] (C:\Users\dorit\OneDrive\Desktop\AntiProcrastination\node_modules\react-dom\cjs\react-dom-server-legacy.node.development.js:8970:18)
  renderWithHooks (C:\Users\dorit\OneDrive\Desktop\AntiProcrastination\node_modules\react-dom\cjs\react-dom-server-legacy.node.development.js:4699:19)
  run (C:\Users\dorit\OneDrive\Desktop\AntiProcrastination\node_modules\react-dom\cjs\react-dom-server-legacy.node.development.js:5539:39)
  retryNode (C:\Users\dorit\OneDrive\Desktop\AntiProcrastination\node_modules\react-dom\cjs\react-dom-server-legacy.node.development.js:5899:31)
  renderNodeDestructive (C:\Users\dorit\OneDrive\Desktop\AntiProcrastination\node_modules\react-dom\cjs\react-dom-server-legacy.node.development.js:5849:11)
"shadow*" style props are deprecated. Use "boxShadow".
λ  WARN  props.pointerEvents is deprecated. Use style.pointerEvents 
  console.warn (C:\Users\dorit\OneDrive\Desktop\AntiProcrastination\node_modules\expo\node_modules\@expo\cli\src\start\server\serverLogLikeMetro.ts:161:21)
  warnOnce (C:\Users\dorit\OneDrive\Desktop\AntiProcrastination\node_modules\react-native-web\dist\modules\warnOnce\index.js:24:13)
  createDOMProps (C:\Users\dorit\OneDrive\Desktop\AntiProcrastination\node_modules\react-native-web\dist\modules\createDOMProps\index.js:805:13)
  createElement (C:\Users\dorit\OneDrive\Desktop\AntiProcrastination\node_modules\react-native-web\dist\exports\createElement\index.js:23:32)
  Component (C:\Users\dorit\OneDrive\Desktop\AntiProcrastination\node_modules\react-native-web\dist\exports\View\index.js:111:23)
  Object.callComponentInDEV [as react-stack-bottom-frame] (C:\Users\dorit\OneDrive\Desktop\AntiProcrastination\node_modules\react-dom\cjs\react-dom-server-legacy.node.development.js:8970:18)
  renderWithHooks (C:\Users\dorit\OneDrive\Desktop\AntiProcrastination\node_modules\react-dom\cjs\react-dom-server-legacy.node.development.js:4699:19)
  run (C:\Users\dorit\OneDrive\Desktop\AntiProcrastination\node_modules\react-dom\cjs\react-dom-server-legacy.node.development.js:5539:39)
  retryNode (C:\Users\dorit\OneDrive\Desktop\AntiProcrastination\node_modules\react-dom\cjs\react-dom-server-legacy.node.development.js:5899:31)
  renderNodeDestructive (C:\Users\dorit\OneDrive\Desktop\AntiProcrastination\node_modules\react-dom\cjs\react-dom-server-legacy.node.development.js:5849:11)
"shadow*" style props are deprecated. Use "boxShadow".
λ  WARN  props.pointerEvents is deprecated. Use style.pointerEvents 
  console.warn (C:\Users\dorit\OneDrive\Desktop\AntiProcrastination\node_modules\expo\node_modules\@expo\cli\src\start\server\serverLogLikeMetro.ts:161:21)
  warnOnce (C:\Users\dorit\OneDrive\Desktop\AntiProcrastination\node_modules\react-native-web\dist\modules\warnOnce\index.js:24:13)
  createDOMProps (C:\Users\dorit\OneDrive\Desktop\AntiProcrastination\node_modules\react-native-web\dist\modules\createDOMProps\index.js:805:13)
  createElement (C:\Users\dorit\OneDrive\Desktop\AntiProcrastination\node_modules\react-native-web\dist\exports\createElement\index.js:23:32)
  Component (C:\Users\dorit\OneDrive\Desktop\AntiProcrastination\node_modules\react-native-web\dist\exports\View\index.js:111:23)
  Object.callComponentInDEV [as react-stack-bottom-frame] (C:\Users\dorit\OneDrive\Desktop\AntiProcrastination\node_modules\react-dom\cjs\react-dom-server-legacy.node.development.js:8970:18)
  renderWithHooks (C:\Users\dorit\OneDrive\Desktop\AntiProcrastination\node_modules\react-dom\cjs\react-dom-server-legacy.node.development.js:4699:19)
  run (C:\Users\dorit\OneDrive\Desktop\AntiProcrastination\node_modules\react-dom\cjs\react-dom-server-legacy.node.development.js:5539:39)
  retryNode (C:\Users\dorit\OneDrive\Desktop\AntiProcrastination\node_modules\react-dom\cjs\react-dom-server-legacy.node.development.js:5899:31)
  renderNodeDestructive (C:\Users\dorit\OneDrive\Desktop\AntiProcrastination\node_modules\react-dom\cjs\react-dom-server-legacy.node.development.js:5849:11)
"shadow*" style props are deprecated. Use "boxShadow".
λ  WARN  props.pointerEvents is deprecated. Use style.pointerEvents 
  console.warn (C:\Users\dorit\OneDrive\Desktop\AntiProcrastination\node_modules\expo\node_modules\@expo\cli\src\start\server\serverLogLikeMetro.ts:161:21)
  warnOnce (C:\Users\dorit\OneDrive\Desktop\AntiProcrastination\node_modules\react-native-web\dist\modules\warnOnce\index.js:24:13)
  createDOMProps (C:\Users\dorit\OneDrive\Desktop\AntiProcrastination\node_modules\react-native-web\dist\modules\createDOMProps\index.js:805:13)
  createElement (C:\Users\dorit\OneDrive\Desktop\AntiProcrastination\node_modules\react-native-web\dist\exports\createElement\index.js:23:32)
  Component (C:\Users\dorit\OneDrive\Desktop\AntiProcrastination\node_modules\react-native-web\dist\exports\View\index.js:111:23)
  Object.callComponentInDEV [as react-stack-bottom-frame] (C:\Users\dorit\OneDrive\Desktop\AntiProcrastination\node_modules\react-dom\cjs\react-dom-server-legacy.node.development.js:8970:18)
  renderWithHooks (C:\Users\dorit\OneDrive\Desktop\AntiProcrastination\node_modules\react-dom\cjs\react-dom-server-legacy.node.development.js:4699:19)
  run (C:\Users\dorit\OneDrive\Desktop\AntiProcrastination\node_modules\react-dom\cjs\react-dom-server-legacy.node.development.js:5539:39)
  retryNode (C:\Users\dorit\OneDrive\Desktop\AntiProcrastination\node_modules\react-dom\cjs\react-dom-server-legacy.node.development.js:5899:31)
  renderNodeDestructive (C:\Users\dorit\OneDrive\Desktop\AntiProcrastination\node_modules\react-dom\cjs\react-dom-server-legacy.node.development.js:5849:11)
"shadow*" style props are deprecated. Use "boxShadow".
λ  WARN  props.pointerEvents is deprecated. Use style.pointerEvents 
  console.warn (C:\Users\dorit\OneDrive\Desktop\AntiProcrastination\node_modules\expo\node_modules\@expo\cli\src\start\server\serverLogLikeMetro.ts:161:21)
  warnOnce (C:\Users\dorit\OneDrive\Desktop\AntiProcrastination\node_modules\react-native-web\dist\modules\warnOnce\index.js:24:13)
  createDOMProps (C:\Users\dorit\OneDrive\Desktop\AntiProcrastination\node_modules\react-native-web\dist\modules\createDOMProps\index.js:805:13)
  createElement (C:\Users\dorit\OneDrive\Desktop\AntiProcrastination\node_modules\react-native-web\dist\exports\createElement\index.js:23:32)
  Component (C:\Users\dorit\OneDrive\Desktop\AntiProcrastination\node_modules\react-native-web\dist\exports\View\index.js:111:23)
  Object.callComponentInDEV [as react-stack-bottom-frame] (C:\Users\dorit\OneDrive\Desktop\AntiProcrastination\node_modules\react-dom\cjs\react-dom-server-legacy.node.development.js:8970:18)
  renderWithHooks (C:\Users\dorit\OneDrive\Desktop\AntiProcrastination\node_modules\react-dom\cjs\react-dom-server-legacy.node.development.js:4699:19)
  run (C:\Users\dorit\OneDrive\Desktop\AntiProcrastination\node_modules\react-dom\cjs\react-dom-server-legacy.node.development.js:5539:39)
  retryNode (C:\Users\dorit\OneDrive\Desktop\AntiProcrastination\node_modules\react-dom\cjs\react-dom-server-legacy.node.development.js:5899:31)
  renderNodeDestructive (C:\Users\dorit\OneDrive\Desktop\AntiProcrastination\node_modules\react-dom\cjs\react-dom-server-legacy.node.development.js:5849:11)
"shadow*" style props are deprecated. Use "boxShadow".
λ  WARN  props.pointerEvents is deprecated. Use style.pointerEvents 
  console.warn (C:\Users\dorit\OneDrive\Desktop\AntiProcrastination\node_modules\expo\node_modules\@expo\cli\src\start\server\serverLogLikeMetro.ts:161:21)
  warnOnce (C:\Users\dorit\OneDrive\Desktop\AntiProcrastination\node_modules\react-native-web\dist\modules\warnOnce\index.js:24:13)
  createDOMProps (C:\Users\dorit\OneDrive\Desktop\AntiProcrastination\node_modules\react-native-web\dist\modules\createDOMProps\index.js:805:13)
  createElement (C:\Users\dorit\OneDrive\Desktop\AntiProcrastination\node_modules\react-native-web\dist\exports\createElement\index.js:23:32)
  Component (C:\Users\dorit\OneDrive\Desktop\AntiProcrastination\node_modules\react-native-web\dist\exports\View\index.js:111:23)
  Object.callComponentInDEV [as react-stack-bottom-frame] (C:\Users\dorit\OneDrive\Desktop\AntiProcrastination\node_modules\react-dom\cjs\react-dom-server-legacy.node.development.js:8970:18)
  renderWithHooks (C:\Users\dorit\OneDrive\Desktop\AntiProcrastination\node_modules\react-dom\cjs\react-dom-server-legacy.node.development.js:4699:19)
  run (C:\Users\dorit\OneDrive\Desktop\AntiProcrastination\node_modules\react-dom\cjs\react-dom-server-legacy.node.development.js:5539:39)
  retryNode (C:\Users\dorit\OneDrive\Desktop\AntiProcrastination\node_modules\react-dom\cjs\react-dom-server-legacy.node.development.js:5899:31)
  renderNodeDestructive (C:\Users\dorit\OneDrive\Desktop\AntiProcrastination\node_modules\react-dom\cjs\react-dom-server-legacy.node.development.js:5849:11)
"shadow*" style props are deprecated. Use "boxShadow".
λ  WARN  props.pointerEvents is deprecated. Use style.pointerEvents 
  console.warn (C:\Users\dorit\OneDrive\Desktop\AntiProcrastination\node_modules\expo\node_modules\@expo\cli\src\start\server\serverLogLikeMetro.ts:161:21)
  warnOnce (C:\Users\dorit\OneDrive\Desktop\AntiProcrastination\node_modules\react-native-web\dist\modules\warnOnce\index.js:24:13)
  createDOMProps (C:\Users\dorit\OneDrive\Desktop\AntiProcrastination\node_modules\react-native-web\dist\modules\createDOMProps\index.js:805:13)
  createElement (C:\Users\dorit\OneDrive\Desktop\AntiProcrastination\node_modules\react-native-web\dist\exports\createElement\index.js:23:32)
  Component (C:\Users\dorit\OneDrive\Desktop\AntiProcrastination\node_modules\react-native-web\dist\exports\View\index.js:111:23)
  Object.callComponentInDEV [as react-stack-bottom-frame] (C:\Users\dorit\OneDrive\Desktop\AntiProcrastination\node_modules\react-dom\cjs\react-dom-server-legacy.node.development.js:8970:18)
  renderWithHooks (C:\Users\dorit\OneDrive\Desktop\AntiProcrastination\node_modules\react-dom\cjs\react-dom-server-legacy.node.development.js:4699:19)
  run (C:\Users\dorit\OneDrive\Desktop\AntiProcrastination\node_modules\react-dom\cjs\react-dom-server-legacy.node.development.js:5539:39)
  retryNode (C:\Users\dorit\OneDrive\Desktop\AntiProcrastination\node_modules\react-dom\cjs\react-dom-server-legacy.node.development.js:5899:31)
  renderNodeDestructive (C:\Users\dorit\OneDrive\Desktop\AntiProcrastination\node_modules\react-dom\cjs\react-dom-server-legacy.node.development.js:5849:11)
"shadow*" style props are deprecated. Use "boxShadow".
λ  WARN  props.pointerEvents is deprecated. Use style.pointerEvents 
  console.warn (C:\Users\dorit\OneDrive\Desktop\AntiProcrastination\node_modules\expo\node_modules\@expo\cli\src\start\server\serverLogLikeMetro.ts:161:21)
  warnOnce (C:\Users\dorit\OneDrive\Desktop\AntiProcrastination\node_modules\react-native-web\dist\modules\warnOnce\index.js:24:13)
  createDOMProps (C:\Users\dorit\OneDrive\Desktop\AntiProcrastination\node_modules\react-native-web\dist\modules\createDOMProps\index.js:805:13)
  createElement (C:\Users\dorit\OneDrive\Desktop\AntiProcrastination\node_modules\react-native-web\dist\exports\createElement\index.js:23:32)
  Component (C:\Users\dorit\OneDrive\Desktop\AntiProcrastination\node_modules\react-native-web\dist\exports\View\index.js:111:23)
  Object.callComponentInDEV [as react-stack-bottom-frame] (C:\Users\dorit\OneDrive\Desktop\AntiProcrastination\node_modules\react-dom\cjs\react-dom-server-legacy.node.development.js:8970:18)
  renderWithHooks (C:\Users\dorit\OneDrive\Desktop\AntiProcrastination\node_modules\react-dom\cjs\react-dom-server-legacy.node.development.js:4699:19)
  run (C:\Users\dorit\OneDrive\Desktop\AntiProcrastination\node_modules\react-dom\cjs\react-dom-server-legacy.node.development.js:5539:39)
  retryNode (C:\Users\dorit\OneDrive\Desktop\AntiProcrastination\node_modules\react-dom\cjs\react-dom-server-legacy.node.development.js:5899:31)
  renderNodeDestructive (C:\Users\dorit\OneDrive\Desktop\AntiProcrastination\node_modules\react-dom\cjs\react-dom-server-legacy.node.development.js:5849:11)
"shadow*" style props are deprecated. Use "boxShadow".
λ  WARN  props.pointerEvents is deprecated. Use style.pointerEvents 
  console.warn (C:\Users\dorit\OneDrive\Desktop\AntiProcrastination\node_modules\expo\node_modules\@expo\cli\src\start\server\serverLogLikeMetro.ts:161:21)
  warnOnce (C:\Users\dorit\OneDrive\Desktop\AntiProcrastination\node_modules\react-native-web\dist\modules\warnOnce\index.js:24:13)
  createDOMProps (C:\Users\dorit\OneDrive\Desktop\AntiProcrastination\node_modules\react-native-web\dist\modules\createDOMProps\index.js:805:13)
  createElement (C:\Users\dorit\OneDrive\Desktop\AntiProcrastination\node_modules\react-native-web\dist\exports\createElement\index.js:23:32)
  Component (C:\Users\dorit\OneDrive\Desktop\AntiProcrastination\node_modules\react-native-web\dist\exports\View\index.js:111:23)
  Object.callComponentInDEV [as react-stack-bottom-frame] (C:\Users\dorit\OneDrive\Desktop\AntiProcrastination\node_modules\react-dom\cjs\react-dom-server-legacy.node.development.js:8970:18)
  renderWithHooks (C:\Users\dorit\OneDrive\Desktop\AntiProcrastination\node_modules\react-dom\cjs\react-dom-server-legacy.node.development.js:4699:19)
  run (C:\Users\dorit\OneDrive\Desktop\AntiProcrastination\node_modules\react-dom\cjs\react-dom-server-legacy.node.development.js:5539:39)
  retryNode (C:\Users\dorit\OneDrive\Desktop\AntiProcrastination\node_modules\react-dom\cjs\react-dom-server-legacy.node.development.js:5899:31)
  renderNodeDestructive (C:\Users\dorit\OneDrive\Desktop\AntiProcrastination\node_modules\react-dom\cjs\react-dom-server-legacy.node.development.js:5849:11)
